2026-02-05 02:55:01 {"transactionId":"tg_7952286133_1770260074","transactionType":"DEPOSITO","transactionMethod":"PIX","clientName":"PEDRO HENRIQUE GOMES RODRIGUES","clientDocument":"***.815.391-**","status":"COMPLETO","value":10,"fee":0.5}
2026-02-05 12:38:58 {"transactionId":"tg_1597154029_1770295070","transactionType":"DEPOSITO","transactionMethod":"PIX","clientName":"WAGNER HENRIQUE BEZERRA BARROS","clientDocument":"***.557.704-**","status":"COMPLETO","value":10,"fee":0.5}
2026-02-05 13:06:36 {"transactionId":"tg_1767029567_1770296737","transactionType":"DEPOSITO","transactionMethod":"PIX","clientName":"MARCIO HENRIQUE ARRUDA","clientDocument":"***.795.638-**","status":"COMPLETO","value":25,"fee":0.5}
2026-02-05 13:41:10 {"transactionId":"tg_7120953736_1770298828","transactionType":"DEPOSITO","transactionMethod":"PIX","clientName":"jose douglas guilherme dos santos","clientDocument":"***.746.424-**","status":"COMPLETO","value":25,"fee":0.5}
2026-02-05 14:00:08 {"transactionId":"tg_80317158_1770299969","transactionType":"DEPOSITO","transactionMethod":"PIX","clientName":"60.152.090 ALEX BRENDO DIAS DE SOUSA","clientDocument":"CPF_DESCONHECIDO","status":"COMPLETO","value":10,"fee":0.5}
2026-02-05 14:21:16 {"transactionId":"tg_7413503038_1770301222","transactionType":"DEPOSITO","transactionMethod":"PIX","clientName":"WANE ROSA NASCIMENTO ROCHA","clientDocument":"***.967.023-**","status":"COMPLETO","value":10,"fee":0.5}
2026-02-05 14:33:41 {"transactionId":"tg_1173571439_1770301988","transactionType":"DEPOSITO","transactionMethod":"PIX","clientName":"ADALTO R DUARTE","clientDocument":"***.046.055-**","status":"COMPLETO","value":10,"fee":0.5}
2026-02-05 15:19:26 {"transactionId":"tg_1638272849_1770304717","transactionType":"DEPOSITO","transactionMethod":"PIX","clientName":"RAFAEL PEREIRA LIBRALI","clientDocument":"***.799.288-**","status":"COMPLETO","value":25,"fee":0.5}
2026-02-05 15:20:57 {"transactionId":"tg_1667215587_1770304813","transactionType":"DEPOSITO","transactionMethod":"PIX","clientName":"OSCAR ISAURO B MARQUES","clientDocument":"***.629.087-**","status":"COMPLETO","value":25,"fee":0.5}
2026-02-05 15:48:58 {"transactionId":"tg_1939310006_1770306458","transactionType":"DEPOSITO","transactionMethod":"PIX","clientName":"DIEGO VINICIUS SANTOS OLIVEIRA","clientDocument":"***.663.975-**","status":"COMPLETO","value":10,"fee":0.5}
2026-02-05 16:24:25 {"transactionId":"tg_6316774561_1770308634","transactionType":"DEPOSITO","transactionMethod":"PIX","clientName":"TIAGO SANTOS RAMOS","clientDocument":"***.077.095-**","status":"COMPLETO","value":25,"fee":0.5}
2026-02-05 16:45:51 {"transactionId":"tg_6801984769_1770309918","transactionType":"DEPOSITO","transactionMethod":"PIX","clientName":"ACACIO MACIO DE OLIVEIRA JUNIOR","clientDocument":"***.972.951-**","status":"COMPLETO","value":25,"fee":0.5}
2026-02-05 17:02:13 {"transactionId":"tg_6521817456_1770310857","transactionType":"DEPOSITO","transactionMethod":"PIX","clientName":"EVERT IGOR SILVA DOS ANJOS","clientDocument":"***.177.575-**","status":"COMPLETO","value":25,"fee":0.5}
2026-02-05 17:06:55 {"transactionId":"tg_7644361151_1770311184","transactionType":"DEPOSITO","transactionMethod":"PIX","clientName":"GILBERTO GARCIA RISSI","clientDocument":"***.100.368-**","status":"COMPLETO","value":10,"fee":0.5}
2026-02-05 17:28:09 {"transactionId":"tg_2132381096_1770312341","transactionType":"DEPOSITO","transactionMethod":"PIX","clientName":"LORENA FELCAR SOARES","clientDocument":"***.124.639-**","status":"COMPLETO","value":25,"fee":0.5}
2026-02-05 17:39:35 {"transactionId":"tg_7890342120_1770313117","transactionType":"DEPOSITO","transactionMethod":"PIX","clientName":"CARLOS EDUARDO DE AQUINO AMANCIO","clientDocument":"***.260.267-**","status":"COMPLETO","value":25,"fee":0.5}
2026-02-05 18:53:52 {"transactionId":"tg_1227693316_1770317540","transactionType":"DEPOSITO","transactionMethod":"PIX","clientName":"GRACE GOMES GALVINO","clientDocument":"***.275.206-**","status":"COMPLETO","value":25,"fee":0.5}
2026-02-05 19:00:41 {"transactionId":"tg_6048166196_1770317919","transactionType":"DEPOSITO","transactionMethod":"PIX","clientName":"RICARDO DE FRANCA CARNEIRO FILHO","clientDocument":"***.204.774-**","status":"COMPLETO","value":10,"fee":0.5}
2026-02-05 21:17:07 {"transactionId":"tg_1873361032_1770326074","transactionType":"DEPOSITO","transactionMethod":"PIX","clientName":"LUAN ROGERIO DE OLIVEIRA VENTURA","clientDocument":"***.910.077-**","status":"COMPLETO","value":15,"fee":0.5}
2026-02-05 21:47:55 {"transactionId":"tg_7970246700_1770328039","transactionType":"DEPOSITO","transactionMethod":"PIX","clientName":"Djonata Goedert Zonta","clientDocument":"***.236.269-**","status":"COMPLETO","value":10,"fee":0.5}
2026-02-05 22:28:59 {"transactionId":"tg_1032635844_1770330460","transactionType":"DEPOSITO","transactionMethod":"PIX","clientName":"FABIO ALCANTARA DE FARIA","clientDocument":"***.295.617-**","status":"COMPLETO","value":25,"fee":0.5}
2026-02-06 01:19:54 {"transactionId":"tg_41304593_1770340732","transactionType":"DEPOSITO","transactionMethod":"PIX","clientName":"REGINALDO VENANCIO CAPARROZ","clientDocument":"***.571.309-**","status":"COMPLETO","value":10,"fee":0.5}
2026-02-06 02:30:07 {"transactionId":"tg_1065540661_1770344929","transactionType":"DEPOSITO","transactionMethod":"PIX","clientName":"LUAN JOHN NEGREIROS FERNANDES","clientDocument":"***.513.062-**","status":"COMPLETO","value":10,"fee":0.5}
2026-02-06 02:30:25 {"transactionId":"tg_7620405279_1770344970","transactionType":"DEPOSITO","transactionMethod":"PIX","clientName":"ALEX SANDRO SOUSA DOS SANTOS","clientDocument":"***.899.989-**","status":"COMPLETO","value":10,"fee":0.5}
2026-02-06 05:24:57 {"transactionId":"tg_6548534329_1770355274","transactionType":"DEPOSITO","transactionMethod":"PIX","clientName":"Maxuel Souza Nascimento","clientDocument":"***.790.726-**","status":"COMPLETO","value":10,"fee":0.5}
2026-02-06 09:27:48 {"transactionId":"tg_5371726664_1770369994","transactionType":"DEPOSITO","transactionMethod":"PIX","clientName":"JONATAN FERREIRA RIBEIRO","clientDocument":"***.922.118-**","status":"COMPLETO","value":10,"fee":0.5}
2026-02-06 09:43:07 {"transactionId":"tg_708010607_1770370197","transactionType":"DEPOSITO","transactionMethod":"PIX","clientName":"ARLLY EMANUEL PINHEIRO CAVALCANTI","clientDocument":"***.808.718-**","status":"COMPLETO","value":25,"fee":0.5}
2026-02-06 10:00:50 {"transactionId":"tg_1664105043_1770371319","transactionType":"DEPOSITO","transactionMethod":"PIX","clientName":"RICHARD SOUSA GUIMARAES","clientDocument":"***.943.263-**","status":"COMPLETO","value":15,"fee":0.5}
2026-02-06 12:38:48 {"transactionId":"tg_7332874971_1770381512","transactionType":"DEPOSITO","transactionMethod":"PIX","clientName":"WILLI DIONISIO RAMOS DE SANTANA","clientDocument":"***.661.434-**","status":"COMPLETO","value":10,"fee":0.5}
2026-02-06 14:12:15 {"transactionId":"tg_7336094257_1770387038","transactionType":"DEPOSITO","transactionMethod":"PIX","clientName":"FRANCISCO WERIDES AVELINO SOUZA","clientDocument":"***.154.403-**","status":"COMPLETO","value":10,"fee":0.5}
2026-02-06 15:00:19 {"transactionId":"tg_6682476831_1770389991","transactionType":"DEPOSITO","transactionMethod":"PIX","clientName":"CARLOS CEZAR MAIA JUNIOR","clientDocument":"***.357.469-**","status":"COMPLETO","value":10,"fee":0.5}
2026-02-06 15:06:51 {"transactionId":"tg_1585651317_1770390361","transactionType":"DEPOSITO","transactionMethod":"PIX","clientName":"GUILHERME MOREIRA MEDEIROS","clientDocument":"***.331.912-**","status":"COMPLETO","value":25,"fee":0.5}
2026-02-06 15:19:31 {"transactionId":"tg_1426601798_1770391136","transactionType":"DEPOSITO","transactionMethod":"PIX","clientName":"CARLOS ALBERTO MUNHOZ JR","clientDocument":"***.463.179-**","status":"COMPLETO","value":25,"fee":0.5}
2026-02-06 15:27:50 {"transactionId":"tg_1627355341_1770391647","transactionType":"DEPOSITO","transactionMethod":"PIX","clientName":"Hellen Coscia","clientDocument":"***.198.320-**","status":"COMPLETO","value":25,"fee":0.5}
2026-02-06 15:34:20 {"transactionId":"tg_8248007125_1770392000","transactionType":"DEPOSITO","transactionMethod":"PIX","clientName":"MATEUS CONCEICAO FELIPE","clientDocument":"***.247.817-**","status":"COMPLETO","value":10,"fee":0.5}
2026-02-06 16:33:41 {"transactionId":"tg_7302649255_1770395581","transactionType":"DEPOSITO","transactionMethod":"PIX","clientName":"ELOISE MARINI CAMPOS BOTELHO DA SILVA","clientDocument":"***.085.957-**","status":"COMPLETO","value":10,"fee":0.5}
2026-02-06 17:07:50 {"transactionId":"tg_2097642430_1770397620","transactionType":"DEPOSITO","transactionMethod":"PIX","clientName":"PEDRO COSTA TAVARES","clientDocument":"***.523.759-**","status":"COMPLETO","value":10,"fee":0.5}
2026-02-06 17:19:08 {"transactionId":"tg_6030499816_1770398280","transactionType":"DEPOSITO","transactionMethod":"PIX","clientName":"LEONARDO TOLEDO CRUZ","clientDocument":"***.607.939-**","status":"COMPLETO","value":25,"fee":0.5}
2026-02-06 17:36:46 {"transactionId":"tg_6508747037_1770399339","transactionType":"DEPOSITO","transactionMethod":"PIX","clientName":"EDSON RAUL APAZA","clientDocument":"***.153.738-**","status":"COMPLETO","value":25,"fee":0.5}
2026-02-06 17:40:42 {"transactionId":"tg_8008225760_1770399492","transactionType":"DEPOSITO","transactionMethod":"PIX","clientName":"ROMULO NARCISO N MACHADO","clientDocument":"***.059.808-**","status":"COMPLETO","value":10,"fee":0.5}
2026-02-06 19:20:43 {"transactionId":"tg_5924272596_1770405526","transactionType":"DEPOSITO","transactionMethod":"PIX","clientName":"RAFAEL COSTA DE OLIVEIRA","clientDocument":"***.006.108-**","status":"COMPLETO","value":15,"fee":0.5}
2026-02-06 21:28:12 {"transactionId":"tg_7763238531_1770413263","transactionType":"DEPOSITO","transactionMethod":"PIX","clientName":"JULIANO MOREIRA DOS SANTOS","clientDocument":"***.501.721-**","status":"COMPLETO","value":10,"fee":0.5}
2026-02-06 23:55:43 {"transactionId":"tg_6444139294_1770422041","transactionType":"DEPOSITO","transactionMethod":"PIX","clientName":"Jefferson De Souza Oliveira Junior","clientDocument":"***.083.324-**","status":"COMPLETO","value":10,"fee":0.5}
2026-02-07 01:14:11 {"transactionId":"tg_8282649924_1770426818","transactionType":"DEPOSITO","transactionMethod":"PIX","clientName":"DAVID LOPES DOS SANTOS","clientDocument":"***.283.248-**","status":"COMPLETO","value":10,"fee":0.5}
2026-02-07 01:34:57 {"transactionId":"tg_6378693282_1770428059","transactionType":"DEPOSITO","transactionMethod":"PIX","clientName":"PEDRO DANIEL GONCALVES GONDIM","clientDocument":"***.006.104-**","status":"COMPLETO","value":10,"fee":0.5}
2026-02-07 02:18:26 {"transactionId":"tg_1865668001_1770430553","transactionType":"DEPOSITO","transactionMethod":"PIX","clientName":"GABRIEL DE ARAUJO BARROS","clientDocument":"***.613.997-**","status":"COMPLETO","value":10,"fee":0.5}
2026-02-07 03:58:27 {"transactionId":"tg_7461877147_1770436674","transactionType":"DEPOSITO","transactionMethod":"PIX","clientName":"JOAO ANTONIO MANDU","clientDocument":"***.873.889-**","status":"COMPLETO","value":10,"fee":0.5}
2026-02-07 04:53:12 {"transactionId":"tg_1237441553_1770439966","transactionType":"DEPOSITO","transactionMethod":"PIX","clientName":"DJALMA M VIEIRA","clientDocument":"***.623.426-**","status":"COMPLETO","value":10,"fee":0.5}
2026-02-07 13:20:51 {"transactionId":"tg_5968995241_1770470424","transactionType":"DEPOSITO","transactionMethod":"PIX","clientName":"FELIPE TAVARES SANCHES","clientDocument":"***.762.058-**","status":"COMPLETO","value":25,"fee":0.5}
2026-02-07 15:39:29 {"transactionId":"tg_8217455743_1770478317","transactionType":"DEPOSITO","transactionMethod":"PIX","clientName":"LUANE CRUZ DOS SANTOS","clientDocument":"***.603.790-**","status":"COMPLETO","value":10,"fee":0.5}
2026-02-07 16:27:43 {"transactionId":"tg_7561979506_1770481599","transactionType":"DEPOSITO","transactionMethod":"PIX","clientName":"JUNIOR BARTOSKI GONZALEZ","clientDocument":"***.644.529-**","status":"COMPLETO","value":25,"fee":0.5}
2026-02-07 18:09:02 {"transactionId":"tg_1602344066_1770487712","transactionType":"DEPOSITO","transactionMethod":"PIX","clientName":"LUCAS FERNANDES DE ARAUJO","clientDocument":"***.501.457-**","status":"COMPLETO","value":10,"fee":0.5}
2026-02-07 18:38:38 {"transactionId":"tg_5116994709_1770489462","transactionType":"DEPOSITO","transactionMethod":"PIX","clientName":"Wendy Gabrieli Taba Maniezo","clientDocument":"***.095.708-**","status":"COMPLETO","value":10,"fee":0.5}
2026-02-07 20:16:49 {"transactionId":"tg_7822855968_1770495358","transactionType":"DEPOSITO","transactionMethod":"PIX","clientName":"Nilson De Melo Ribeiro Junior","clientDocument":"***.200.752-**","status":"COMPLETO","value":25,"fee":0.5}
2026-02-07 20:56:01 {"transactionId":"tg_1004197081_1770497642","transactionType":"DEPOSITO","transactionMethod":"PIX","clientName":"Eduardo Albuquerque Nascimento","clientDocument":"***.067.943-**","status":"COMPLETO","value":25,"fee":0.5}
2026-02-07 23:00:50 {"transactionId":"tg_1004197081_1770499866","transactionType":"DEPOSITO","transactionMethod":"PIX","clientName":"Cliente Telegram","clientDocument":"12345678909","status":"PENDENTE","value":25,"fee":0.5}
2026-02-07 23:01:15 {"transactionId":"tg_7106108793_1770495991","transactionType":"DEPOSITO","transactionMethod":"PIX","clientName":"Cliente Telegram","clientDocument":"12345678909","status":"PENDENTE","value":10,"fee":0.5}
2026-02-08 00:04:17 {"transactionId":"tg_8233002297_1770508934","transactionType":"DEPOSITO","transactionMethod":"PIX","clientName":"MARIA LEONIR MACEDO","clientDocument":"***.872.529-**","status":"COMPLETO","value":25,"fee":0.5}
2026-02-08 01:07:05 {"transactionId":"tg_7399564185_1770512784","transactionType":"DEPOSITO","transactionMethod":"PIX","clientName":"WANDERSON CARVALHO BRESSAN","clientDocument":"***.642.878-**","status":"COMPLETO","value":10,"fee":0.5}
2026-02-08 03:06:59 {"transactionId":"tg_8204681644_1770519984","transactionType":"DEPOSITO","transactionMethod":"PIX","clientName":"ISMAEL NOGUEIRA DE SA FILHO","clientDocument":"***.249.318-**","status":"COMPLETO","value":10,"fee":0.5}
2026-02-08 11:47:46 {"transactionId":"tg_7493530843_1770551228","transactionType":"DEPOSITO","transactionMethod":"PIX","clientName":"CAIO GABRIEL DO AMARAL","clientDocument":"***.731.319-**","status":"COMPLETO","value":25,"fee":0.5}
2026-02-08 12:40:53 {"transactionId":"tg_7527135903_1770554423","transactionType":"DEPOSITO","transactionMethod":"PIX","clientName":"Pedro Victor Ribeiro dos Santos","clientDocument":"***.514.761-**","status":"COMPLETO","value":10,"fee":0.5}
2026-02-08 13:39:37 {"transactionId":"tg_5891380154_1770557705","transactionType":"DEPOSITO","transactionMethod":"PIX","clientName":"Isabela Santos Oliveira","clientDocument":"***.374.666-**","status":"COMPLETO","value":10,"fee":0.5}
2026-02-08 15:09:29 {"transactionId":"tg_5833824680_1770563326","transactionType":"DEPOSITO","transactionMethod":"PIX","clientName":"JOSE GABRIEL ORIENTE DE SOUZA","clientDocument":"***.492.632-**","status":"COMPLETO","value":10,"fee":0.5}
2026-02-08 15:30:43 {"transactionId":"tg_875712559_1770564593","transactionType":"DEPOSITO","transactionMethod":"PIX","clientName":"ANTONIO JULIELSON DO NASCIMENTO VIDINHA","clientDocument":"***.660.962-**","status":"COMPLETO","value":25,"fee":0.5}
2026-02-08 16:36:55 {"transactionId":"tg_8305186232_1770568561","transactionType":"DEPOSITO","transactionMethod":"PIX","clientName":"LUIZ GUSTAVO DE OLIVEIRA GABRIEL","clientDocument":"***.270.319-**","status":"COMPLETO","value":10,"fee":0.5}
2026-02-08 21:49:22 {"transactionId":"tg_7982900194_1770587332","transactionType":"DEPOSITO","transactionMethod":"PIX","clientName":"MARCO ANTONIO DE OLIVEIRA PASCOAL","clientDocument":"***.714.948-**","status":"COMPLETO","value":10,"fee":0.5}
2026-02-08 23:16:10 {"transactionId":"tg_8121818805_1770592525","transactionType":"DEPOSITO","transactionMethod":"PIX","clientName":"CHIRLE DO NASCIMENTO MARTINS DA COSTA","clientDocument":"***.564.974-**","status":"COMPLETO","value":10,"fee":0.5}
2026-02-09 01:21:47 {"transactionId":"tg_1037264125_1770600041","transactionType":"DEPOSITO","transactionMethod":"PIX","clientName":"EDGARD FELIPE S O BARROS","clientDocument":"***.366.636-**","status":"COMPLETO","value":10,"fee":0.5}
2026-02-09 02:26:44 {"transactionId":"tg_8237674252_1770603971","transactionType":"DEPOSITO","transactionMethod":"PIX","clientName":"KAIO HENRIQUE SILVA DE OLIVEIRA","clientDocument":"***.943.226-**","status":"COMPLETO","value":10,"fee":0.5}
2026-02-09 03:28:21 {"transactionId":"tg_7794377092_1770607651","transactionType":"DEPOSITO","transactionMethod":"PIX","clientName":"ADRIAN COSTA DE SOUSA","clientDocument":"***.603.558-**","status":"COMPLETO","value":10,"fee":0.5}
2026-02-09 03:33:07 {"transactionId":"tg_1912717778_1770607959","transactionType":"DEPOSITO","transactionMethod":"PIX","clientName":"ADSON JERONIMO DE BRITO 38247050870","clientDocument":"CPF_DESCONHECIDO","status":"COMPLETO","value":10,"fee":0.5}
2026-02-09 04:29:22 {"transactionId":"tg_7094351383_1770611277","transactionType":"DEPOSITO","transactionMethod":"PIX","clientName":"RAFAELA BRITO DE GODOI","clientDocument":"***.920.499-**","status":"COMPLETO","value":10,"fee":0.5}
2026-02-09 13:05:34 {"transactionId":"tg_2033243309_1770642314","transactionType":"DEPOSITO","transactionMethod":"PIX","clientName":"CARLOS EDUARDO LOPES DOS SANTOS","clientDocument":"***.516.298-**","status":"COMPLETO","value":10,"fee":0.5}
2026-02-09 14:21:59 {"transactionId":"tg_1244244054_1770646884","transactionType":"DEPOSITO","transactionMethod":"PIX","clientName":"Albino Ricardo Alves Teixeira","clientDocument":"***.640.417-**","status":"COMPLETO","value":25,"fee":0.5}
2026-02-09 14:32:08 {"transactionId":"tg_1230021162_1770647445","transactionType":"DEPOSITO","transactionMethod":"PIX","clientName":"BRUNO HENRIQUE NAVARRO GUARIZA","clientDocument":"***.856.599-**","status":"COMPLETO","value":120,"fee":0.5}
2026-02-09 18:28:59 {"transactionId":"tg_523637239_1770661573","transactionType":"DEPOSITO","transactionMethod":"PIX","clientName":"Ana Carolina da Costa Patricio","clientDocument":"***.535.777-**","status":"COMPLETO","value":10,"fee":0.5}
2026-02-09 18:42:42 {"transactionId":"tg_6822386791_1770662483","transactionType":"DEPOSITO","transactionMethod":"PIX","clientName":"DENI THEYKISON PASSOS BAQUETA","clientDocument":"***.388.449-**","status":"COMPLETO","value":10,"fee":0.5}
2026-02-09 19:05:19 {"transactionId":"tg_8103226415_1770663880","transactionType":"DEPOSITO","transactionMethod":"PIX","clientName":"LAION CEZARIO OLIVEIRA","clientDocument":"***.963.227-**","status":"COMPLETO","value":10,"fee":0.5}
2026-02-09 19:09:15 {"transactionId":"tg_7626122030_1770664030","transactionType":"DEPOSITO","transactionMethod":"PIX","clientName":"LUCAS DE AMORIM CAMPOS","clientDocument":"***.026.218-**","status":"COMPLETO","value":10,"fee":0.5}
2026-02-09 22:01:29 {"transactionId":"tg_5764814686_1770674412","transactionType":"DEPOSITO","transactionMethod":"PIX","clientName":"ROMARIO ROCHA DE OLIVEIRA","clientDocument":"***.561.084-**","status":"COMPLETO","value":10,"fee":0.5}
